<?xml version="1.0" encoding="UTF-8"?>
<!-- Generated by org.testng.reporters.JUnitReportReporter -->
<testsuite hostname="BizAct116" failures="0" tests="4" name="api.test.userTest" time="9.088" errors="0" timestamp="2023-10-19T15:54:15 IST" skipped="0">
  <testcase classname="api.test.userTest" name="testPostUser" time="4.025"/>
  <system-out/>
  <testcase classname="api.test.userTest" name="testGetUser" time="1.103"/>
  <system-out/>
  <testcase classname="api.test.userTest" name="testUpdateUser" time="1.968"/>
  <system-out/>
  <testcase classname="api.test.userTest" name="testDeleteUser" time="1.992"/>
  <system-out/>
</testsuite> <!-- api.test.userTest -->
