<?xml version="1.0" encoding="UTF-8"?>
<!-- Generated by org.testng.reporters.JUnitReportReporter -->
<testsuite hostname="BizAct116" failures="0" tests="4" name="api.test.userTest2" time="10.305" errors="0" timestamp="2023-10-20T15:06:38 IST" skipped="0">
  <testcase classname="api.test.userTest2" name="testPostUser" time="4.340"/>
  <system-out/>
  <testcase classname="api.test.userTest2" name="testGetUser" time="1.171"/>
  <system-out/>
  <testcase classname="api.test.userTest2" name="testUpdateUser" time="2.511"/>
  <system-out/>
  <testcase classname="api.test.userTest2" name="testDeleteUser" time="2.283"/>
  <system-out/>
</testsuite> <!-- api.test.userTest2 -->
