<?xml version="1.0" encoding="UTF-8"?>
<!-- Generated by org.testng.reporters.JUnitReportReporter -->
<testsuite hostname="BizAct116" failures="0" tests="4" name="api.test.userTest2" time="10.401" errors="0" timestamp="2023-10-26T11:27:42 IST" skipped="0">
  <testcase classname="api.test.userTest2" name="testPostUser" time="5.331"/>
  <system-out/>
  <testcase classname="api.test.userTest2" name="testGetUser" time="1.122"/>
  <system-out/>
  <testcase classname="api.test.userTest2" name="testUpdateUser" time="2.026"/>
  <system-out/>
  <testcase classname="api.test.userTest2" name="testDeleteUser" time="1.922"/>
  <system-out/>
</testsuite> <!-- api.test.userTest2 -->
