<?xml version="1.0" encoding="UTF-8"?>
<!-- Generated by org.testng.reporters.JUnitReportReporter -->
<testsuite hostname="BizAct116" failures="0" tests="4" name="api.test.userTest2" time="9.051" errors="0" timestamp="2023-10-25T18:05:58 IST" skipped="0">
  <testcase classname="api.test.userTest2" name="testPostUser" time="4.131"/>
  <system-out/>
  <testcase classname="api.test.userTest2" name="testGetUser" time="1.019"/>
  <system-out/>
  <testcase classname="api.test.userTest2" name="testUpdateUser" time="1.934"/>
  <system-out/>
  <testcase classname="api.test.userTest2" name="testDeleteUser" time="1.967"/>
  <system-out/>
</testsuite> <!-- api.test.userTest2 -->
